<?xml version="1.0" encoding="UTF-8" ?>
<testsuite tests="4" failures="0" name="calc.CalculatorTest" time="0.022" errors="0" skipped="0">
  <properties>
[...]
</properties>
  <testcase classname="calc.CalculatorTest" name="testSum" time="0.022"/>
  <testcase classname="calc.CalculatorTest" name="testMinus" time="0"/>
  <testcase classname="calc.CalculatorTest" name="testDivide" time="0"/>
  <testcase classname="calc.CalculatorTest" name="testDivideWillThrowExceptionWhenDivideOnZero" time="0"/>
</testsuite>